Terminals which are not used

   test2
   test
   _def_val_
   left_arc
   right_arc


Grammar

    0 $accept: start $end

    1 start: top_statement_list

    2 top_statement_list: top_statement_list top_statement
    3                   | /* empty */

    4 top_statement: class_declaration_statement

    5 class_declaration_statement: class_entry_type T_STRING extends_from '{' class_statement_list '}'

    6 class_entry_type: T_CLASS
    7                 | T_ABSTRACT T_CLASS
    8                 | T_FINAL T_CLASS

    9 extends_from: /* empty */
   10             | T_EXTENDS T_STRING

   11 class_statement_list: class_statement_list class_statement
   12                     | /* empty */

   13 class_statement: variable_modifiers property_declaration ';'

   14 variable_modifiers: non_empty_member_modifiers

   15 non_empty_member_modifiers: member_modifier
   16                           | non_empty_member_modifiers member_modifier

   17 member_modifier: T_PUBLIC
   18                | T_PROTECTED
   19                | T_PRIVATE
   20                | T_STATIC
   21                | T_ABSTRACT
   22                | T_FINAL

   23 property_declaration: T_STRING
   24                     | T_STRING T_EQUAL T_LNUMBER


Terminals, with rules where they appear

$end (0) 0
';' (59) 13
'{' (123) 5
'}' (125) 5
error (256)
test2 (258)
test (259)
_def_val_ (260)
T_EQUAL (261) 24
T_LNUMBER (262) 24
T_STRING (263) 5 10 23 24
T_PUBLIC (264) 17
T_PROTECTED (265) 18
T_PRIVATE (266) 19
T_FINAL (267) 8 22
T_ABSTRACT (268) 7 21
T_STATIC (269) 20
T_CLASS (270) 6 7 8
T_EXTENDS (271) 10
left_arc (272)
right_arc (273)


Nonterminals, with rules where they appear

$accept (22)
    on left: 0
start (23)
    on left: 1, on right: 0
top_statement_list (24)
    on left: 2 3, on right: 1 2
top_statement (25)
    on left: 4, on right: 2
class_declaration_statement (26)
    on left: 5, on right: 4
class_entry_type (27)
    on left: 6 7 8, on right: 5
extends_from (28)
    on left: 9 10, on right: 5
class_statement_list (29)
    on left: 11 12, on right: 5 11
class_statement (30)
    on left: 13, on right: 11
variable_modifiers (31)
    on left: 14, on right: 13
non_empty_member_modifiers (32)
    on left: 15 16, on right: 14 16
member_modifier (33)
    on left: 17 18 19 20 21 22, on right: 15 16
property_declaration (34)
    on left: 23 24, on right: 13


state 0

    0 $accept: . start $end

    $default  reduce using rule 3 (top_statement_list)

    start               go to state 1
    top_statement_list  go to state 2


state 1

    0 $accept: start . $end

    $end  shift, and go to state 3


state 2

    1 start: top_statement_list .
    2 top_statement_list: top_statement_list . top_statement

    T_FINAL     shift, and go to state 4
    T_ABSTRACT  shift, and go to state 5
    T_CLASS     shift, and go to state 6

    $default  reduce using rule 1 (start)

    top_statement                go to state 7
    class_declaration_statement  go to state 8
    class_entry_type             go to state 9


state 3

    0 $accept: start $end .

    $default  accept


state 4

    8 class_entry_type: T_FINAL . T_CLASS

    T_CLASS  shift, and go to state 10


state 5

    7 class_entry_type: T_ABSTRACT . T_CLASS

    T_CLASS  shift, and go to state 11


state 6

    6 class_entry_type: T_CLASS .

    $default  reduce using rule 6 (class_entry_type)


state 7

    2 top_statement_list: top_statement_list top_statement .

    $default  reduce using rule 2 (top_statement_list)


state 8

    4 top_statement: class_declaration_statement .

    $default  reduce using rule 4 (top_statement)


state 9

    5 class_declaration_statement: class_entry_type . T_STRING extends_from '{' class_statement_list '}'

    T_STRING  shift, and go to state 12


state 10

    8 class_entry_type: T_FINAL T_CLASS .

    $default  reduce using rule 8 (class_entry_type)


state 11

    7 class_entry_type: T_ABSTRACT T_CLASS .

    $default  reduce using rule 7 (class_entry_type)


state 12

    5 class_declaration_statement: class_entry_type T_STRING . extends_from '{' class_statement_list '}'

    T_EXTENDS  shift, and go to state 13

    $default  reduce using rule 9 (extends_from)

    extends_from  go to state 14


state 13

   10 extends_from: T_EXTENDS . T_STRING

    T_STRING  shift, and go to state 15


state 14

    5 class_declaration_statement: class_entry_type T_STRING extends_from . '{' class_statement_list '}'

    '{'  shift, and go to state 16


state 15

   10 extends_from: T_EXTENDS T_STRING .

    $default  reduce using rule 10 (extends_from)


state 16

    5 class_declaration_statement: class_entry_type T_STRING extends_from '{' . class_statement_list '}'

    $default  reduce using rule 12 (class_statement_list)

    class_statement_list  go to state 17


state 17

    5 class_declaration_statement: class_entry_type T_STRING extends_from '{' class_statement_list . '}'
   11 class_statement_list: class_statement_list . class_statement

    T_PUBLIC     shift, and go to state 18
    T_PROTECTED  shift, and go to state 19
    T_PRIVATE    shift, and go to state 20
    T_FINAL      shift, and go to state 21
    T_ABSTRACT   shift, and go to state 22
    T_STATIC     shift, and go to state 23
    '}'          shift, and go to state 24

    class_statement             go to state 25
    variable_modifiers          go to state 26
    non_empty_member_modifiers  go to state 27
    member_modifier             go to state 28


state 18

   17 member_modifier: T_PUBLIC .

    $default  reduce using rule 17 (member_modifier)


state 19

   18 member_modifier: T_PROTECTED .

    $default  reduce using rule 18 (member_modifier)


state 20

   19 member_modifier: T_PRIVATE .

    $default  reduce using rule 19 (member_modifier)


state 21

   22 member_modifier: T_FINAL .

    $default  reduce using rule 22 (member_modifier)


state 22

   21 member_modifier: T_ABSTRACT .

    $default  reduce using rule 21 (member_modifier)


state 23

   20 member_modifier: T_STATIC .

    $default  reduce using rule 20 (member_modifier)


state 24

    5 class_declaration_statement: class_entry_type T_STRING extends_from '{' class_statement_list '}' .

    $default  reduce using rule 5 (class_declaration_statement)


state 25

   11 class_statement_list: class_statement_list class_statement .

    $default  reduce using rule 11 (class_statement_list)


state 26

   13 class_statement: variable_modifiers . property_declaration ';'

    T_STRING  shift, and go to state 29

    property_declaration  go to state 30


state 27

   14 variable_modifiers: non_empty_member_modifiers .
   16 non_empty_member_modifiers: non_empty_member_modifiers . member_modifier

    T_PUBLIC     shift, and go to state 18
    T_PROTECTED  shift, and go to state 19
    T_PRIVATE    shift, and go to state 20
    T_FINAL      shift, and go to state 21
    T_ABSTRACT   shift, and go to state 22
    T_STATIC     shift, and go to state 23

    $default  reduce using rule 14 (variable_modifiers)

    member_modifier  go to state 31


state 28

   15 non_empty_member_modifiers: member_modifier .

    $default  reduce using rule 15 (non_empty_member_modifiers)


state 29

   23 property_declaration: T_STRING .
   24                     | T_STRING . T_EQUAL T_LNUMBER

    T_EQUAL  shift, and go to state 32

    $default  reduce using rule 23 (property_declaration)


state 30

   13 class_statement: variable_modifiers property_declaration . ';'

    ';'  shift, and go to state 33


state 31

   16 non_empty_member_modifiers: non_empty_member_modifiers member_modifier .

    $default  reduce using rule 16 (non_empty_member_modifiers)


state 32

   24 property_declaration: T_STRING T_EQUAL . T_LNUMBER

    T_LNUMBER  shift, and go to state 34


state 33

   13 class_statement: variable_modifiers property_declaration ';' .

    $default  reduce using rule 13 (class_statement)


state 34

   24 property_declaration: T_STRING T_EQUAL T_LNUMBER .

    $default  reduce using rule 24 (property_declaration)
